[backblue.gif]
[fade.gif]
[index.html]
[cdn.myportfolio.com/261cb681-3385-486c-915a-04611e14df9f/9c489eed-e735-4d0b-8172-15e6fad2fcc9_carw_1x1x328496.png]
[cdn.myportfolio.com/261cb681-3385-486c-915a-04611e14df9f/987d1f37-d8e1-4fd1-b4ac-6b7a87206714_carw_1x1x180d5ba.jpg]
[mattpriorwatson.co.uk/site/translations29f6]
[mattpriorwatson.co.uk/index.html]
[mattpriorwatson.co.uk/dist/js/main29f6.js]
[mattpriorwatson.co.uk/dist/css/main.css]
[cdn.myportfolio.com/261cb681-3385-486c-915a-04611e14df9f/1e3718b6306669e220c3f1ebf834209217211802456802.css]
[mattpriorwatson.co.uk/home.html]
[cdn.myportfolio.com/261cb681-3385-486c-915a-04611e14df9f/b1ce673d-0839-4be4-87d8-3a5206dd7b87_rwc_857x0x2693x2106x3242dd.png]
[cdn.myportfolio.com/261cb681-3385-486c-915a-04611e14df9f/5433b43b-83f2-4f69-9ff1-3f2f938116c3_rwc_857x0x2693x2106x32c9e0.jpg]
[cdn.myportfolio.com/261cb681-3385-486c-915a-04611e14df9f/d26c5cad-92fc-488a-b281-7c21428b1d1d_rwc_857x0x2693x2106x32ea72.jpg]
[cdn.myportfolio.com/261cb681-3385-486c-915a-04611e14df9f/f4cb6a28-1c4e-416a-8f64-ae0f6ed0c62f_rwc_857x0x2693x2106x32f234.png]
[mattpriorwatson.co.uk/featured.html]
[cdn.myportfolio.com/261cb681-3385-486c-915a-04611e14df9f/4874c930-1cd0-4b37-b455-215cf3255b6c_rwc_857x0x2693x2106x32ad85.png]
[cdn.myportfolio.com/261cb681-3385-486c-915a-04611e14df9f/b168b424-e67d-432c-9894-aeaaf714b576_rwc_857x0x2693x2106x32dbaf.jpg]
[cdn.myportfolio.com/261cb681-3385-486c-915a-04611e14df9f/e28633d8-012d-4a3b-9f9e-ef616ff7560a_rwc_857x0x2693x2106x326ac9.jpg]
[cdn.myportfolio.com/261cb681-3385-486c-915a-04611e14df9f/7a633146-24ae-4fba-9f4c-7b72b386eacd_rwc_857x0x2693x2106x3284b9.jpg]
[cdn.myportfolio.com/261cb681-3385-486c-915a-04611e14df9f/daf788ef-859e-423c-b262-ab177ff237ab_rwc_857x0x2693x2106x329745.jpg]
[cdn.myportfolio.com/261cb681-3385-486c-915a-04611e14df9f/8baceda4-687d-492a-a421-f6dd0cfb75d7_rwc_857x0x2693x2106x323a0c.png]
[mattpriorwatson.co.uk/archive.html]
[cdn.myportfolio.com/261cb681-3385-486c-915a-04611e14df9f/b5a509fd-45cc-45fd-99c6-455775a0e13135b7.jpg]
[cdn.myportfolio.com/261cb681-3385-486c-915a-04611e14df9f/b5a509fd-45cc-45fd-99c6-455775a0e131_rw_38408125.jpg]
[mattpriorwatson.co.uk/stills.html]
[cdn.myportfolio.com/261cb681-3385-486c-915a-04611e14df9f/2dc4b467-afb7-4cb2-9bf8-577dd0e90b440134.jpg]
[cdn.myportfolio.com/261cb681-3385-486c-915a-04611e14df9f/2dc4b467-afb7-4cb2-9bf8-577dd0e90b44_rw_1920b5a3.jpg]
[mattpriorwatson.co.uk/contact.html]
[cdn.myportfolio.com/261cb681-3385-486c-915a-04611e14df9f/9e0515af8c42fc3f61ee2931f68df4a51721180245f74e.css]
[cdn.myportfolio.com/261cb681-3385-486c-915a-04611e14df9f/f4cb6a28-1c4e-416a-8f64-ae0f6ed0c62f_rwc_857x0x2693x2106x26936020.png]
[cdn.myportfolio.com/261cb681-3385-486c-915a-04611e14df9f/d26c5cad-92fc-488a-b281-7c21428b1d1d_rwc_857x0x2693x2106x2693341f.jpg]
[cdn.myportfolio.com/261cb681-3385-486c-915a-04611e14df9f/5433b43b-83f2-4f69-9ff1-3f2f938116c3_rwc_857x0x2693x2106x269333ea.jpg]
[mattpriorwatson.co.uk/ring-eclipse.html]
[cdn.myportfolio.com/261cb681-3385-486c-915a-04611e14df9f/b1ce673d-0839-4be4-87d8-3a5206dd7b87_rwc_857x0x2693x2106x26931308.png]
[mattpriorwatson.co.uk/the-butler-dunnit.html]
[mattpriorwatson.co.uk/sounds-like-a-you-problem.html]
[mattpriorwatson.co.uk/dance-for-me.html]
[cdn.myportfolio.com/261cb681-3385-486c-915a-04611e14df9f/da42c2676065346287f86fbfd1a071db17211802451131.css]
[cdn.myportfolio.com/261cb681-3385-486c-915a-04611e14df9f/daf788ef-859e-423c-b262-ab177ff237ab_rwc_857x0x2693x2106x26931982.jpg]
[cdn.myportfolio.com/261cb681-3385-486c-915a-04611e14df9f/7a633146-24ae-4fba-9f4c-7b72b386eacd_rwc_857x0x2693x2106x269323e0.jpg]
[cdn.myportfolio.com/261cb681-3385-486c-915a-04611e14df9f/8baceda4-687d-492a-a421-f6dd0cfb75d7_rwc_857x0x2693x2106x26938ee2.png]
[cdn.myportfolio.com/261cb681-3385-486c-915a-04611e14df9f/e28633d8-012d-4a3b-9f9e-ef616ff7560a_rwc_857x0x2693x2106x26930aca.jpg]
[cdn.myportfolio.com/261cb681-3385-486c-915a-04611e14df9f/b168b424-e67d-432c-9894-aeaaf714b576_rwc_857x0x2693x2106x26935e1b.jpg]
[mattpriorwatson.co.uk/ring-eclipse-trailer.html]
[cdn.myportfolio.com/261cb681-3385-486c-915a-04611e14df9f/4874c930-1cd0-4b37-b455-215cf3255b6c_rwc_857x0x2693x2106x2693cc85.png]
[mattpriorwatson.co.uk/melvins-garden-adventure.html]
[mattpriorwatson.co.uk/puzzled.html]
[mattpriorwatson.co.uk/an-intrusion.html]
[mattpriorwatson.co.uk/look-book.html]
[mattpriorwatson.co.uk/rest-in-peace.html]
[cdn.myportfolio.com/261cb681-3385-486c-915a-04611e14df9f/b1730b41381569a255f11f8a5d809d4717211802455b82.css]
[cdn.myportfolio.com/261cb681-3385-486c-915a-04611e14df9f/7cb4bcd67175d483677c09cf708cf00817211802450e3e.css]
[use.typekit.net/ik/sv7vn92yPsaV9THiTnQSmPfxl-mIMI1XjlOLWDekcwIfeTSgfHYEBsJzwD9oFDIDWDMUjQZ8jcJkwDJaZ2IawR6kZQjDjRjawRSoFDMUjA9uwQiq5ebkwhI-MfJIZ1s0-kJI-18tdPG4fJZmIMMjMkMfH6qJyB9bMg6IJMJ7fbRxmgMMeM96MKG]
[cdn.myportfolio.com/261cb681-3385-486c-915a-04611e14df9f/b3f5029e0ef185322c7b4fabb19cbbc5172118024573ea.css]
[cdn.myportfolio.com/261cb681-3385-486c-915a-04611e14df9f/7cd3443b198329cf71cd1f58827949e3172118024583f5.css]
[cdn.myportfolio.com/261cb681-3385-486c-915a-04611e14df9f/a72cf26e2360dc220414489ab6a6018c172118024553f0.css]
[cdn.myportfolio.com/261cb681-3385-486c-915a-04611e14df9f/7fb02762cd868df500cc8de67af82c2d1721180245575b.css]
[cdn.myportfolio.com/261cb681-3385-486c-915a-04611e14df9f/fdd4d65fc1c1d52f4985413da1bbe1d517211802453402.css]
[cdn.myportfolio.com/261cb681-3385-486c-915a-04611e14df9f/53180dd5ac2c0b2ae6590d77988c9ad9172118024596c2.css]
[cdn.myportfolio.com/261cb681-3385-486c-915a-04611e14df9f/c89c6d54e929566503d6c1fbb87ec1e71721180245ba0b.css]
[cdn.myportfolio.com/261cb681-3385-486c-915a-04611e14df9f/d09d51300a3513b8a31296fc3aca344417211802458b83.css]
[cdn.myportfolio.com/261cb681-3385-486c-915a-04611e14df9f/b104290492bfc0abb041fb6f16574e2617211802457b32.css]
[cdn.myportfolio.com/261cb681-3385-486c-915a-04611e14df9f/2ce18d2b8f1f78e1d9efecab7191fef817211802450e40.css]
